<?xml version="1.0" encoding="UTF-8" ?>
<testsuite tests="4" failures="0" name="cucumber.Options.TestRunner" time="9.301" errors="0" skipped="0">
  <properties>
[...]
</properties>
  <testcase classname="Validating Place API&apos;s" name="Verify if Place is being successfully added using AddPlaceAPI #1" time="6.338"/>
  <testcase classname="Validating Place API&apos;s" name="Verify if Place is being successfully added using AddPlaceAPI #2" time="0.99"/>
  <testcase classname="Validating Place API&apos;s" name="Verify if Place is being successfully added using AddPlaceAPI #3" time="1.052"/>
  <testcase classname="Validating Place API&apos;s" name="Verify if Delete Place fucntionality is working" time="0.921"/>
</testsuite>